<?xml version="1.0" encoding="UTF-8"?>
<testng-results ignored="0" total="1" passed="1" failed="0" skipped="0">
  <reporter-output>
  </reporter-output>
  <suite started-at="2022-07-22T17:15:31 CDT" name="Default suite" finished-at="2022-07-22T17:15:38 CDT" duration-ms="6643">
    <groups>
    </groups>
    <test started-at="2022-07-22T17:15:31 CDT" name="Default test" finished-at="2022-07-22T17:15:38 CDT" duration-ms="6643">
      <class name="test.AddCustomerTest">
        <test-method signature="userShouldBeAbleToCreateNewCustomer()[pri:0, instance:test.AddCustomerTest@3246fb96]" started-at="2022-07-22T17:15:31 CDT" name="userShouldBeAbleToCreateNewCustomer" finished-at="2022-07-22T17:15:38 CDT" duration-ms="6583" status="PASS">
          <reporter-output>
          </reporter-output>
        </test-method> <!-- userShouldBeAbleToCreateNewCustomer -->
      </class> <!-- test.AddCustomerTest -->
    </test> <!-- Default test -->
  </suite> <!-- Default suite -->
</testng-results>
